[dotenv@17.3.1] injecting env (14) from .env -- tip: 🛡️ auth for agents: https://vestauth.com

========================================
🚀 트렌드 업데이트 시작: 2026. 4. 9. AM 9:42:12
========================================

📝 블로그에서 키워드 수집 중...
  수집된 텍스트: 7506자
🤖 AI로 키워드 추출 중...
📊 데이터랩 리그전 시작...
    배치1: [타르트, 롤케이크, 약과, 딸기모찌, 소라빵] → 🥇약과(92.6) 🥈딸기모찌(67.2) 🥉타르트(32.0)
    배치2: [스모어쿠키, 스콘, 우베, 아이스크림, 소금빵] → 🥇우베(88.9) 🥈아이스크림(18.5) 🥉소금빵(5.4)
    배치3: [베이글, 크로플, 젤라또, 휘낭시에, 와플] → 🥇휘낭시에(100.0) 🥈베이글(68.8) 🥉와플(50.8)
    배치4: [당근케이크, 브라우니, 크레이프, 찹쌀떡, 푸딩] → 🥇찹쌀떡(87.1) 🥈푸딩(51.3) 🥉브라우니(43.6)
    배치5: [에그타르트, 팥빙수, 탕후루, 티라미수, 에클레어] → 🥇에그타르트(94.8) 🥈탕후루(31.8) 🥉티라미수(20.1)
    배치6: [카스테라, 붕어빵, 화과자, 판나코타, 슈크림] → 🥇화과자(96.8) 🥈카스테라(78.5) 🥉붕어빵(47.8)
    배치7: [도넛, 마카롱, 까눌레, 호떡, 식빵] → 🥇마카롱(64.1) 🥈까눌레(50.2) 🥉식빵(38.2)
    배치8: [바스크치즈케이크, 그릭요거트, 빙수, 후르츠산도, 인절미] → 🥇그릭요거트(95.4) 🥈바스크치즈케이크(22.7) 🥉후르츠산도(14.6)
    배치9: [창억떡, 두쫀쿠, 쌀 젤라또, 마들렌, 밀크티] → 🥇창억떡(84.7) 🥈두쫀쿠(11.7) 🥉마들렌(3.4)
    배치10: [바게트, 망고시루, 크루아상, 몽블랑, 아포가토] → 🥇몽블랑(100.0) 🥈망고시루(51.2) 🥉바게트(16.3)

  === 1라운드 종료 ===
    배치1: [크로플, 두바이 초콜릿, 슈크림, 카스테라, 인절미] → 🥇두바이 초콜릿(97.2) 🥈카스테라(86.4) 🥉인절미(54.1)
    배치2: [아이스크림, 두쫀쿠, 딸기모찌, 밀크티, 쌀 젤라또] → 🥇두쫀쿠(83.2) 🥈아이스크림(67.7) 🥉밀크티(23.5)
    배치3: [찹쌀떡, 파운드케이크, 크레이프, 붕어빵, 에그타르트] → 🥇에그타르트(94.8) 🥈찹쌀떡(59.7) 🥉붕어빵(31.4)
    배치4: [마카롱, 푸딩, 에클레어, 당근케이크, 롤케이크] → 🥇마카롱(64.1) 🥈푸딩(23.8) 🥉롤케이크(10.2)
    배치5: [젤라또, 베이글, 몽블랑, 빙수, 바스크치즈케이크] → 🥇몽블랑(100.0) 🥈베이글(61.9) 🥉바스크치즈케이크(43.9)
    배치6: [우베, 브라우니, 스콘, 소금빵, 버터떡] → 🥇버터떡(78.6) 🥈우베(74.6) 🥉소금빵(4.6)
    배치7: [바게트, 마들렌, 호떡, 아포가토, 경단] → 🥇마들렌(95.6) 🥈호떡(28.4) 🥉바게트(24.5)
    배치8: [창억떡, 화과자, 크루아상, 팥빙수, 티라미수] → 🥇창억떡(84.7) 🥈화과자(2.1)
    배치9: [타르트, 크럼블, 판나코타, 식빵, 휘낭시에] → 🥇휘낭시에(100.0) 🥈식빵(38.9) 🥉타르트(13.4)
    배치10: [도넛, 스모어쿠키, 까눌레, 망고시루, 탕후루] → 🥇망고시루(66.7) 🥈까눌레(59.8) 🥉도넛(40.6)

  === 2라운드 종료 ===
    배치1: [망고시루, 경단, 크로플, 브라우니, 판나코타] → 🥇망고시루(66.7) 🥈브라우니(24.1) 🥉크로플(17.0)
    배치2: [도넛, 식빵, 바스크치즈케이크, 바게트, 휘낭시에] → 🥇휘낭시에(98.7) 🥈바스크치즈케이크(48.2) 🥉식빵(38.4)
    배치3: [마들렌, 카스테라, 소금빵, 붕어빵, 쌀 젤라또] → 🥇마들렌(45.6) 🥈소금빵(37.3) 🥉카스테라(22.8)
    배치4: [인절미, 밀크티, 타르트, 까눌레, 후르츠산도] → 🥇밀크티(95.2) 🥈까눌레(70.8) 🥉후르츠산도(43.7)
    배치5: [그릭요거트, 우베, 탕후루, 에클레어, 화과자] → 🥇우베(88.9) 🥈그릭요거트(19.2) 🥉화과자(4.1)
    배치6: [에그타르트, 당근케이크, 크레이프, 스콘, 아포가토] → 🥇에그타르트(94.8) 🥈스콘(51.4) 🥉아포가토(21.6)
    배치7: [츄러스, 스모어쿠키, 와플, 몽블랑, 크럼블] → 🥇몽블랑(100.0) 🥈와플(45.7) 🥉츄러스(19.9)
    배치8: [슈크림, 두쫀쿠, 딸기모찌, 소라빵, 파운드케이크] → 🥇두쫀쿠(83.2) 🥈딸기모찌(9.6) 🥉파운드케이크(4.7)
    배치9: [팥빙수, 두바이 초콜릿, 베이글, 티라미수, 버터떡] → 🥇버터떡(78.6) 🥈베이글(5.4) 🥉두바이 초콜릿(3.1)
    배치10: [약과, 크루아상, 푸딩, 창억떡, 마카롱] → 🥇창억떡(84.7) 🥈마카롱(3.2) 🥉약과(1.9)

  === 3라운드 종료 ===
  총 30배치 실행

  === Z-score 결과 (상위 15) ===
    1. 창억떡: Z=1.995 (포인트:9)
    2. 몽블랑: Z=1.806 (포인트:9)
    3. 에그타르트: Z=1.800 (포인트:9)
    4. 휘낭시에: Z=1.779 (포인트:9)
    5. 우베: Z=1.699 (포인트:8)
    6. 버터떡: Z=1.638 (포인트:6)
    7. 망고시루: Z=1.215 (포인트:8)
    8. 찹쌀떡: Z=1.110 (포인트:5)
    9. 두쫀쿠: Z=1.049 (포인트:8)
    10. 마카롱: Z=1.000 (포인트:8)
    11. 마들렌: Z=0.978 (포인트:7)
    12. 그릭요거트: Z=0.936 (포인트:5)
    13. 까눌레: Z=0.739 (포인트:6)
    14. 약과: Z=0.531 (포인트:4)
    15. 카스테라: Z=0.466 (포인트:5)

  리그전 포인트 (참고):
    1. 창억떡: 9점
    2. 에그타르트: 9점
    3. 휘낭시에: 9점
    4. 몽블랑: 9점
    5. 두쫀쿠: 8점
    6. 마카롱: 8점
    7. 우베: 8점
    8. 망고시루: 8점
    9. 마들렌: 7점
    10. 버터떡: 6점
🔍 카페 검색 결과 검증 중...
  검증된 트렌드: 14개
💾 Firestore에 저장 중...
  14개 저장 완료!

✅ 완료: 2026. 4. 9. AM 9:45:25 (소요 192.7초)

📋 트렌드 순위:
  1. 창억떡 (2)
  2. 몽블랑 (1.81)
  3. 에그타르트 (1.8)
  4. 휘낭시에 (1.78)
  5. 우베 (1.7)
  6. 버터떡 (1.64)
  7. 망고시루 (1.21)
  8. 찹쌀떡 (1.11)
  9. 두쫀쿠 (1.05)
  10. 마카롱 (1)
  11. 마들렌 (0.98)
  12. 그릭요거트 (0.94)
  13. 까눌레 (0.74)
  14. 약과 (0.53)
