[dotenv@17.3.1] injecting env (14) from .env -- tip: ⚙️  override existing env vars with { override: true }

========================================
🚀 트렌드 업데이트 시작: 2026. 4. 10. AM 12:00:01
========================================

📝 블로그에서 키워드 수집 중...
  수집된 텍스트: 7641자
🤖 AI로 키워드 추출 중...
  AI 추출: 24개
  합산 후: 72개 (AI 24 + 고정 48)
📊 데이터랩 리그전 시작...
    배치1: [쫀득버터식빵, 붕어빵, 마카롱, 바스크치즈케이크, 다쿠아즈] → 🥇마카롱(64.1) 🥈바스크치즈케이크(48.0) 🥉붕어빵(21.2)
    배치2: [딸기모찌, 소라빵, 찹쌀떡, 와가시, 소세지빵] → 🥇찹쌀떡(87.1) 🥈딸기모찌(59.6) 🥉소세지빵(12.9)
    배치3: [아포가토, 두바이쫀득쿠키, 우베, 화과자, 호떡] → 🥇우베(88.9) 🥈두바이쫀득쿠키(7.3) 🥉화과자(4.1)
    배치4: [에그타르트, 두쫀쿠, 판나코타, 크림빵, 그릭요거트] → 🥇두쫀쿠(83.2) 🥈그릭요거트(70.3) 🥉에그타르트(22.3)
    배치5: [까눌레, 이모켄피, 스콘, 두바이 초콜릿, 와플] → 🥇까눌레(66.8) 🥈와플(66.4) 🥉두바이 초콜릿(52.2)
    배치6: [인절미, 밀크티, 창억떡, 과일모찌, 치즈케이크] → 🥇창억떡(84.7) 🥈밀크티(3.3) 🥉과일모찌(1.1)
    배치7: [크로플, 소금빵, 망고시루, 약과, 베이글] → 🥇베이글(80.6) 🥈소금빵(67.9) 🥉망고시루(66.7)
    배치8: [롤케이크, 스모어쿠키, 크루아상, 크레이프, 휘낭시에] → 🥇휘낭시에(100.0) 🥈스모어쿠키(15.2) 🥉롤케이크(10.4)
    배치9: [꼬북칩말차초코, 팥빙수, 도넛, 탕후루, 파운드케이크] → 🥇꼬북칩말차초코(75.7) 🥈도넛(47.4) 🥉탕후루(29.9)
    배치10: [슈크림, 후르츠산도, 마늘빵, 포카치아, 쌀 젤라또] → 🥇포카치아(26.5) 🥈후르츠산도(20.3) 🥉쌀 젤라또(17.3)
    배치12: [당근케이크, 식빵, 경단, 카스테라, 빙수] → 🥇식빵(65.1) 🥈카스테라(59.5) 🥉빙수(45.1)
    배치13: [몽블랑, 푸딩, 버터떡, 젤라또, 크럼블] → 🥇버터떡(78.6) 🥈몽블랑(8.7) 🥉젤라또(3.4)
    배치14: [두바이초콜릿, 과일빙수, 버터식빵, 츄러스, 타르트] → 🥇두바이초콜릿(97.2) 🥈츄러스(53.8) 🥉타르트(32.6)
    배치15: [티라미수, 바게트] → 🥇바게트(88.8) 🥈티라미수(67.7)

  === 1라운드 종료 ===
    배치1: [티라미수, 스모어쿠키, 아이스크림, 과일빙수, 식빵] → 🥇아이스크림(95.4) 🥈식빵(18.7) 🥉스모어쿠키(7.3)
    배치2: [쫀득버터식빵, 쌀 젤라또, 크럼블, 슈크림, 화과자] → 🥇화과자(28.2) 🥈쌀 젤라또(17.3) 🥉크럼블(4.5)
    배치3: [팥빙수, 마늘빵, 와플, 두바이쫀득쿠키, 도넛] → 🥇두바이쫀득쿠키(82.2) 🥈와플(53.7) 🥉도넛(36.6)
    배치4: [크루아상, 당근케이크, 우베, 바스크치즈케이크, 와가시] → 🥇우베(88.9) 🥈바스크치즈케이크(4.6)
    배치5: [브라우니, 그릭요거트, 빙수, 판나코타, 소라빵] → 🥇그릭요거트(95.4) 🥈빙수(12.5) 🥉브라우니(9.6)
    배치6: [다쿠아즈, 소세지빵, 밀크티, 꼬북칩말차초코, 버터떡] → 🥇버터떡(78.6) 🥈밀크티(5.4) 🥉꼬북칩말차초코(4.3)
    배치8: [시오빵, 이모켄피, 붕어빵, 두바이 초콜릿, 두바이초콜릿] → 🥇두바이 초콜릿(97.2) 🥈두바이초콜릿(97.2) 🥉붕어빵(52.6)
    배치9: [치즈케이크, 딸기모찌, 롤케이크, 창억떡, 마카롱] → 🥇창억떡(84.7) 🥈마카롱(3.2) 🥉딸기모찌(1.4)
    배치10: [몽블랑, 크로플, 젤라또, 베이글, 소금빵] → 🥇몽블랑(100.0) 🥈베이글(61.9) 🥉소금빵(52.2)
    배치11: [츄러스, 망고시루, 스콘, 탕후루, 인절미] → 🥇망고시루(66.7) 🥈스콘(41.4) 🥉인절미(26.0)
    배치12: [포카치아, 경단, 까눌레, 파운드케이크, 버터식빵] → 🥇까눌레(78.6) 🥈포카치아(63.3) 🥉파운드케이크(21.1)
    배치13: [후르츠산도, 타르트, 호떡, 과일모찌, 에그타르트] → 🥇에그타르트(94.8) 🥈후르츠산도(45.8) 🥉과일모찌(34.1)
    배치14: [크레이프, 약과, 찹쌀떡, 푸딩, 아포가토] → 🥇찹쌀떡(87.1) 🥈약과(82.1) 🥉푸딩(51.3)
    배치15: [에클레어, 마들렌] → 🥇마들렌(95.6) 🥈에클레어(8.0)

  === 2라운드 종료 ===
    배치1: [밀크티, 그릭요거트, 인절미, 바스크치즈케이크, 탕후루] → 🥇그릭요거트(95.4) 🥈밀크티(31.9) 🥉바스크치즈케이크(22.7)
    배치2: [두쫀쿠, 크로플, 까눌레, 베이글, 츄러스] → 🥇두쫀쿠(83.2) 🥈베이글(23.6) 🥉까눌레(17.5)
    배치4: [스모어쿠키, 크럼블, 파운드케이크, 두바이 초콜릿, 크림빵] → 🥇두바이 초콜릿(97.2) 🥈스모어쿠키(36.9) 🥉파운드케이크(33.4)
    배치5: [화과자, 푸딩, 다쿠아즈, 소금빵, 과일빙수] → 🥇소금빵(72.3) 🥈화과자(54.6) 🥉푸딩(30.2)
    배치6: [휘낭시에, 몽블랑, 타르트, 바게트, 크루아상] → 🥇몽블랑(100.0) 🥈휘낭시에(89.9) 🥉바게트(16.3)
    배치7: [도넛, 두바이초콜릿, 이모켄피, 와가시, 마들렌] → 🥇마들렌(95.6) 🥈두바이초콜릿(53.8) 🥉도넛(46.6)
    배치8: [롤케이크, 호떡, 크레이프, 경단, 꼬북칩말차초코] → 🥇꼬북칩말차초코(75.7) 🥈호떡(28.9) 🥉경단(14.7)
    배치9: [와플, 브라우니, 붕어빵, 에클레어, 에그타르트] → 🥇에그타르트(85.3) 🥈와플(66.4) 🥉붕어빵(28.2)
    배치10: [슈크림, 마늘빵, 약과, 팥빙수, 딸기모찌] → 🥇약과(92.6) 🥈딸기모찌(67.2) 🥉팥빙수(32.3)
    배치11: [후르츠산도, 아포가토, 망고시루, 소세지빵, 포카치아] → 🥇망고시루(66.7) 🥈포카치아(48.2) 🥉후르츠산도(36.9)
    배치12: [버터식빵, 창억떡, 우베, 티라미수, 치즈케이크] → 🥇창억떡(84.7) 🥈우베(45.9)
    배치13: [빙수, 버터떡, 카스테라, 쫀득버터식빵, 아이스크림] → 🥇버터떡(78.6) 🥈아이스크림(15.5) 🥉카스테라(2.8)
    배치15: [스콘, 식빵] → 🥇식빵(95.5) 🥈스콘(86.9)

  === 3라운드 종료 ===
  총 41배치 실행

  === Z-score 결과 (상위 15) ===
    1. 버터떡: Z=1.985 (포인트:9)
    2. 창억떡: Z=1.904 (포인트:9)
    3. 두쫀쿠: Z=1.662 (포인트:6)
    4. 그릭요거트: Z=1.640 (포인트:8)
    5. 휘낭시에: Z=1.545 (포인트:5)
    6. 우베: Z=1.522 (포인트:8)
    7. 찹쌀떡: Z=1.394 (포인트:6)
    8. 마들렌: Z=1.289 (포인트:6)
    9. 망고시루: Z=1.275 (포인트:7)
    10. 두바이 초콜릿: Z=1.087 (포인트:7)
    11. 꼬북칩말차초코: Z=1.074 (포인트:7)
    12. 두바이초콜릿: Z=1.064 (포인트:7)
    13. 에그타르트: Z=0.988 (포인트:7)
    14. 포카치아: Z=0.962 (포인트:7)
    15. 아이스크림: Z=0.915 (포인트:5)

  리그전 포인트 (참고):
    1. 버터떡: 9점
    2. 창억떡: 9점
    3. 몽블랑: 8점
    4. 식빵: 8점
    5. 그릭요거트: 8점
    6. 우베: 8점
    7. 두바이초콜릿: 7점
    8. 베이글: 7점
    9. 꼬북칩말차초코: 7점
    10. 포카치아: 7점
🔍 카페 검색 결과 검증 중...
  검증된 트렌드: 14개
💾 Firestore에 저장 중...
  14개 저장 완료!

✅ 완료: 2026. 4. 10. AM 12:04:12 (소요 250.5초)

📋 트렌드 순위:
  1. 버터떡 (1.98)
  2. 창억떡 (1.9)
  3. 두쫀쿠 (1.66)
  4. 그릭요거트 (1.64)
  5. 휘낭시에 (1.54)
  6. 우베 (1.52)
  7. 찹쌀떡 (1.39)
  8. 마들렌 (1.29)
  9. 망고시루 (1.28)
  10. 두바이 초콜릿 (1.09)
  11. 딸기모찌 (0.33)
  12. 후르츠산도 (0.25)
  13. 도넛 (0.18)
  14. 카스테라 (0.17)
